Sat 29 Oct 2022 10:43:34 PM CST
configmap/local-registry-hosting created
node/calico-ipip-control-plane untainted
NAME                        STATUS     ROLES           AGE   VERSION   INTERNAL-IP   EXTERNAL-IP   OS-IMAGE             KERNEL-VERSION      CONTAINER-RUNTIME
calico-ipip-control-plane   NotReady   control-plane   28s   v1.25.3   172.18.0.3    <none>        Ubuntu 22.04.1 LTS   5.15.0-52-generic   containerd://1.6.9
calico-ipip-worker          NotReady   <none>          5s    v1.25.3   172.18.0.2    <none>        Ubuntu 22.04.1 LTS   5.15.0-52-generic   containerd://1.6.9
configmap/calico-config created
customresourcedefinition.apiextensions.k8s.io/bgpconfigurations.crd.projectcalico.org created
customresourcedefinition.apiextensions.k8s.io/bgppeers.crd.projectcalico.org created
customresourcedefinition.apiextensions.k8s.io/blockaffinities.crd.projectcalico.org created
customresourcedefinition.apiextensions.k8s.io/caliconodestatuses.crd.projectcalico.org created
customresourcedefinition.apiextensions.k8s.io/clusterinformations.crd.projectcalico.org created
customresourcedefinition.apiextensions.k8s.io/felixconfigurations.crd.projectcalico.org created
customresourcedefinition.apiextensions.k8s.io/globalnetworkpolicies.crd.projectcalico.org created
customresourcedefinition.apiextensions.k8s.io/globalnetworksets.crd.projectcalico.org created
customresourcedefinition.apiextensions.k8s.io/hostendpoints.crd.projectcalico.org created
customresourcedefinition.apiextensions.k8s.io/ipamblocks.crd.projectcalico.org created
customresourcedefinition.apiextensions.k8s.io/ipamconfigs.crd.projectcalico.org created
customresourcedefinition.apiextensions.k8s.io/ipamhandles.crd.projectcalico.org created
customresourcedefinition.apiextensions.k8s.io/ippools.crd.projectcalico.org created
customresourcedefinition.apiextensions.k8s.io/ipreservations.crd.projectcalico.org created
customresourcedefinition.apiextensions.k8s.io/kubecontrollersconfigurations.crd.projectcalico.org created
customresourcedefinition.apiextensions.k8s.io/networkpolicies.crd.projectcalico.org created
customresourcedefinition.apiextensions.k8s.io/networksets.crd.projectcalico.org created
clusterrole.rbac.authorization.k8s.io/calico-kube-controllers created
clusterrolebinding.rbac.authorization.k8s.io/calico-kube-controllers created
clusterrole.rbac.authorization.k8s.io/calico-node created
clusterrolebinding.rbac.authorization.k8s.io/calico-node created
daemonset.apps/calico-node created
serviceaccount/calico-node created
deployment.apps/calico-kube-controllers created
serviceaccount/calico-kube-controllers created
poddisruptionbudget.policy/calico-kube-controllers created
calico-ipip-worker
debconf: delaying package configuration, since apt-utils is not installed
calico-ipip-control-plane
debconf: delaying package configuration, since apt-utils is not installed
daemonset.apps/calico-ipip created
service/serversvc created
NAMESPACE            NAME                                                READY   STATUS    RESTARTS   AGE
default              calico-ipip-d6dc7                                   1/1     Running   0          14s
default              calico-ipip-fkblz                                   1/1     Running   0          14s
kube-system          calico-kube-controllers-859f47b5d9-qzvfj            1/1     Running   0          44s
kube-system          calico-node-5cgg5                                   1/1     Running   0          44s
kube-system          calico-node-hx9sq                                   1/1     Running   0          44s
kube-system          coredns-565d847f94-7pcm9                            1/1     Running   0          55s
kube-system          coredns-565d847f94-zzxn6                            1/1     Running   0          55s
kube-system          etcd-calico-ipip-control-plane                      1/1     Running   0          71s
kube-system          kube-apiserver-calico-ipip-control-plane            1/1     Running   0          72s
kube-system          kube-controller-manager-calico-ipip-control-plane   1/1     Running   0          70s
kube-system          kube-proxy-kmrqq                                    1/1     Running   0          56s
kube-system          kube-proxy-mvnvs                                    1/1     Running   0          50s
kube-system          kube-scheduler-calico-ipip-control-plane            1/1     Running   0          70s
local-path-storage   local-path-provisioner-684f458cdd-znrbk             1/1     Running   0          55s
Name:               calico-ipip-control-plane
Roles:              control-plane
Labels:             beta.kubernetes.io/arch=amd64
                    beta.kubernetes.io/os=linux
                    kubernetes.io/arch=amd64
                    kubernetes.io/hostname=calico-ipip-control-plane
                    kubernetes.io/os=linux
                    node-role.kubernetes.io/control-plane=
                    node.kubernetes.io/exclude-from-external-load-balancers=
Annotations:        kubeadm.alpha.kubernetes.io/cri-socket: unix:///run/containerd/containerd.sock
                    node.alpha.kubernetes.io/ttl: 0
                    projectcalico.org/IPv4Address: 172.18.0.3/16
                    projectcalico.org/IPv4IPIPTunnelAddr: 10.244.51.192
                    volumes.kubernetes.io/controller-managed-attach-detach: true
CreationTimestamp:  Sat, 29 Oct 2022 22:43:45 +0800
Taints:             <none>
Unschedulable:      false
Lease:
  HolderIdentity:  calico-ipip-control-plane
  AcquireTime:     <unset>
  RenewTime:       Sat, 29 Oct 2022 22:45:20 +0800
Conditions:
  Type                 Status  LastHeartbeatTime                 LastTransitionTime                Reason                       Message
  ----                 ------  -----------------                 ------------------                ------                       -------
  NetworkUnavailable   False   Sat, 29 Oct 2022 22:44:31 +0800   Sat, 29 Oct 2022 22:44:31 +0800   CalicoIsUp                   Calico is running on this node
  MemoryPressure       False   Sat, 29 Oct 2022 22:44:49 +0800   Sat, 29 Oct 2022 22:43:42 +0800   KubeletHasSufficientMemory   kubelet has sufficient memory available
  DiskPressure         False   Sat, 29 Oct 2022 22:44:49 +0800   Sat, 29 Oct 2022 22:43:42 +0800   KubeletHasNoDiskPressure     kubelet has no disk pressure
  PIDPressure          False   Sat, 29 Oct 2022 22:44:49 +0800   Sat, 29 Oct 2022 22:43:42 +0800   KubeletHasSufficientPID      kubelet has sufficient PID available
  Ready                True    Sat, 29 Oct 2022 22:44:49 +0800   Sat, 29 Oct 2022 22:44:29 +0800   KubeletReady                 kubelet is posting ready status
Addresses:
  InternalIP:  172.18.0.3
  Hostname:    calico-ipip-control-plane
Capacity:
  cpu:                12
  ephemeral-storage:  205320980Ki
  hugepages-1Gi:      0
  hugepages-2Mi:      0
  memory:             16351080Ki
  pods:               110
Allocatable:
  cpu:                12
  ephemeral-storage:  205320980Ki
  hugepages-1Gi:      0
  hugepages-2Mi:      0
  memory:             16351080Ki
  pods:               110
System Info:
  Machine ID:                 c1b72dce8e174915bcdf7973583954f8
  System UUID:                3b2747f1-e41d-46a0-9bbf-a4615056903e
  Boot ID:                    ab9355fc-5faf-429d-a499-596a628ece25
  Kernel Version:             5.15.0-52-generic
  OS Image:                   Ubuntu 22.04.1 LTS
  Operating System:           linux
  Architecture:               amd64
  Container Runtime Version:  containerd://1.6.9
  Kubelet Version:            v1.25.3
  Kube-Proxy Version:         v1.25.3
PodCIDR:                      10.244.0.0/24
PodCIDRs:                     10.244.0.0/24
ProviderID:                   kind://docker/calico-ipip/calico-ipip-control-plane
Non-terminated Pods:          (7 in total)
  Namespace                   Name                                                 CPU Requests  CPU Limits  Memory Requests  Memory Limits  Age
  ---------                   ----                                                 ------------  ----------  ---------------  -------------  ---
  default                     calico-ipip-d6dc7                                    0 (0%)        0 (0%)      0 (0%)           0 (0%)         46s
  kube-system                 calico-node-hx9sq                                    250m (2%)     0 (0%)      0 (0%)           0 (0%)         76s
  kube-system                 etcd-calico-ipip-control-plane                       100m (0%)     0 (0%)      100Mi (0%)       0 (0%)         103s
  kube-system                 kube-apiserver-calico-ipip-control-plane             250m (2%)     0 (0%)      0 (0%)           0 (0%)         104s
  kube-system                 kube-controller-manager-calico-ipip-control-plane    200m (1%)     0 (0%)      0 (0%)           0 (0%)         102s
  kube-system                 kube-proxy-kmrqq                                     0 (0%)        0 (0%)      0 (0%)           0 (0%)         88s
  kube-system                 kube-scheduler-calico-ipip-control-plane             100m (0%)     0 (0%)      0 (0%)           0 (0%)         102s
Allocated resources:
  (Total limits may be over 100 percent, i.e., overcommitted.)
  Resource           Requests    Limits
  --------           --------    ------
  cpu                900m (7%)   0 (0%)
  memory             100Mi (0%)  0 (0%)
  ephemeral-storage  0 (0%)      0 (0%)
  hugepages-1Gi      0 (0%)      0 (0%)
  hugepages-2Mi      0 (0%)      0 (0%)
Events:
  Type    Reason                   Age   From             Message
  ----    ------                   ----  ----             -------
  Normal  Starting                 86s   kube-proxy       
  Normal  Starting                 103s  kubelet          Starting kubelet.
  Normal  NodeHasSufficientMemory  102s  kubelet          Node calico-ipip-control-plane status is now: NodeHasSufficientMemory
  Normal  NodeHasNoDiskPressure    102s  kubelet          Node calico-ipip-control-plane status is now: NodeHasNoDiskPressure
  Normal  NodeHasSufficientPID     102s  kubelet          Node calico-ipip-control-plane status is now: NodeHasSufficientPID
  Normal  NodeAllocatableEnforced  102s  kubelet          Updated Node Allocatable limit across pods
  Normal  RegisteredNode           88s   node-controller  Node calico-ipip-control-plane event: Registered Node calico-ipip-control-plane in Controller
  Normal  NodeReady                61s   kubelet          Node calico-ipip-control-plane status is now: NodeReady


Name:               calico-ipip-worker
Roles:              <none>
Labels:             beta.kubernetes.io/arch=amd64
                    beta.kubernetes.io/os=linux
                    kubernetes.io/arch=amd64
                    kubernetes.io/hostname=calico-ipip-worker
                    kubernetes.io/os=linux
Annotations:        kubeadm.alpha.kubernetes.io/cri-socket: unix:///run/containerd/containerd.sock
                    node.alpha.kubernetes.io/ttl: 0
                    projectcalico.org/IPv4Address: 172.18.0.2/16
                    projectcalico.org/IPv4IPIPTunnelAddr: 10.244.79.0
                    volumes.kubernetes.io/controller-managed-attach-detach: true
CreationTimestamp:  Sat, 29 Oct 2022 22:44:08 +0800
Taints:             <none>
Unschedulable:      false
Lease:
  HolderIdentity:  calico-ipip-worker
  AcquireTime:     <unset>
  RenewTime:       Sat, 29 Oct 2022 22:45:29 +0800
Conditions:
  Type                 Status  LastHeartbeatTime                 LastTransitionTime                Reason                       Message
  ----                 ------  -----------------                 ------------------                ------                       -------
  NetworkUnavailable   False   Sat, 29 Oct 2022 22:44:31 +0800   Sat, 29 Oct 2022 22:44:31 +0800   CalicoIsUp                   Calico is running on this node
  MemoryPressure       False   Sat, 29 Oct 2022 22:45:09 +0800   Sat, 29 Oct 2022 22:44:08 +0800   KubeletHasSufficientMemory   kubelet has sufficient memory available
  DiskPressure         False   Sat, 29 Oct 2022 22:45:09 +0800   Sat, 29 Oct 2022 22:44:08 +0800   KubeletHasNoDiskPressure     kubelet has no disk pressure
  PIDPressure          False   Sat, 29 Oct 2022 22:45:09 +0800   Sat, 29 Oct 2022 22:44:08 +0800   KubeletHasSufficientPID      kubelet has sufficient PID available
  Ready                True    Sat, 29 Oct 2022 22:45:09 +0800   Sat, 29 Oct 2022 22:44:28 +0800   KubeletReady                 kubelet is posting ready status
Addresses:
  InternalIP:  172.18.0.2
  Hostname:    calico-ipip-worker
Capacity:
  cpu:                12
  ephemeral-storage:  205320980Ki
  hugepages-1Gi:      0
  hugepages-2Mi:      0
  memory:             16351080Ki
  pods:               110
Allocatable:
  cpu:                12
  ephemeral-storage:  205320980Ki
  hugepages-1Gi:      0
  hugepages-2Mi:      0
  memory:             16351080Ki
  pods:               110
System Info:
  Machine ID:                 16803a0436ac4b249fd1078d9df39948
  System UUID:                d8bffb57-3db6-457d-b9f8-c7178013f3d5
  Boot ID:                    ab9355fc-5faf-429d-a499-596a628ece25
  Kernel Version:             5.15.0-52-generic
  OS Image:                   Ubuntu 22.04.1 LTS
  Operating System:           linux
  Architecture:               amd64
  Container Runtime Version:  containerd://1.6.9
  Kubelet Version:            v1.25.3
  Kube-Proxy Version:         v1.25.3
PodCIDR:                      10.244.1.0/24
PodCIDRs:                     10.244.1.0/24
ProviderID:                   kind://docker/calico-ipip/calico-ipip-worker
Non-terminated Pods:          (7 in total)
  Namespace                   Name                                        CPU Requests  CPU Limits  Memory Requests  Memory Limits  Age
  ---------                   ----                                        ------------  ----------  ---------------  -------------  ---
  default                     calico-ipip-fkblz                           0 (0%)        0 (0%)      0 (0%)           0 (0%)         46s
  kube-system                 calico-kube-controllers-859f47b5d9-qzvfj    0 (0%)        0 (0%)      0 (0%)           0 (0%)         76s
  kube-system                 calico-node-5cgg5                           250m (2%)     0 (0%)      0 (0%)           0 (0%)         76s
  kube-system                 coredns-565d847f94-7pcm9                    100m (0%)     0 (0%)      70Mi (0%)        170Mi (1%)     87s
  kube-system                 coredns-565d847f94-zzxn6                    100m (0%)     0 (0%)      70Mi (0%)        170Mi (1%)     87s
  kube-system                 kube-proxy-mvnvs                            0 (0%)        0 (0%)      0 (0%)           0 (0%)         82s
  local-path-storage          local-path-provisioner-684f458cdd-znrbk     0 (0%)        0 (0%)      0 (0%)           0 (0%)         87s
Allocated resources:
  (Total limits may be over 100 percent, i.e., overcommitted.)
  Resource           Requests    Limits
  --------           --------    ------
  cpu                450m (3%)   0 (0%)
  memory             140Mi (0%)  340Mi (2%)
  ephemeral-storage  0 (0%)      0 (0%)
  hugepages-1Gi      0 (0%)      0 (0%)
  hugepages-2Mi      0 (0%)      0 (0%)
Events:
  Type    Reason                   Age                From             Message
  ----    ------                   ----               ----             -------
  Normal  Starting                 79s                kube-proxy       
  Normal  Starting                 83s                kubelet          Starting kubelet.
  Normal  NodeHasSufficientMemory  82s (x2 over 83s)  kubelet          Node calico-ipip-worker status is now: NodeHasSufficientMemory
  Normal  NodeHasNoDiskPressure    82s (x2 over 83s)  kubelet          Node calico-ipip-worker status is now: NodeHasNoDiskPressure
  Normal  NodeHasSufficientPID     82s (x2 over 83s)  kubelet          Node calico-ipip-worker status is now: NodeHasSufficientPID
  Normal  NodeAllocatableEnforced  82s                kubelet          Updated Node Allocatable limit across pods
  Normal  RegisteredNode           78s                node-controller  Node calico-ipip-worker event: Registered Node calico-ipip-worker in Controller
  Normal  NodeReady                62s                kubelet          Node calico-ipip-worker status is now: NodeReady
NAMESPACE            LAST SEEN   TYPE      REASON                    OBJECT                                          MESSAGE
default              115s        Normal    Starting                  node/calico-ipip-control-plane                  Starting kubelet.
default              114s        Normal    NodeHasSufficientMemory   node/calico-ipip-control-plane                  Node calico-ipip-control-plane status is now: NodeHasSufficientMemory
default              114s        Normal    NodeHasNoDiskPressure     node/calico-ipip-control-plane                  Node calico-ipip-control-plane status is now: NodeHasNoDiskPressure
default              114s        Normal    NodeHasSufficientPID      node/calico-ipip-control-plane                  Node calico-ipip-control-plane status is now: NodeHasSufficientPID
default              114s        Normal    NodeAllocatableEnforced   node/calico-ipip-control-plane                  Updated Node Allocatable limit across pods
default              100s        Normal    RegisteredNode            node/calico-ipip-control-plane                  Node calico-ipip-control-plane event: Registered Node calico-ipip-control-plane in Controller
default              99s         Normal    Starting                  node/calico-ipip-control-plane                  
default              73s         Normal    NodeReady                 node/calico-ipip-control-plane                  Node calico-ipip-control-plane status is now: NodeReady
default              58s         Normal    Scheduled                 pod/calico-ipip-d6dc7                           Successfully assigned default/calico-ipip-d6dc7 to calico-ipip-control-plane
default              57s         Normal    Pulling                   pod/calico-ipip-d6dc7                           Pulling image "localhost:5000/nettool"
default              56s         Normal    Pulled                    pod/calico-ipip-d6dc7                           Successfully pulled image "localhost:5000/nettool" in 1.143872439s
default              56s         Normal    Created                   pod/calico-ipip-d6dc7                           Created container nettoolbox
default              56s         Normal    Started                   pod/calico-ipip-d6dc7                           Started container nettoolbox
default              58s         Normal    Scheduled                 pod/calico-ipip-fkblz                           Successfully assigned default/calico-ipip-fkblz to calico-ipip-worker
default              57s         Normal    Pulling                   pod/calico-ipip-fkblz                           Pulling image "localhost:5000/nettool"
default              56s         Normal    Pulled                    pod/calico-ipip-fkblz                           Successfully pulled image "localhost:5000/nettool" in 1.148040715s
default              56s         Normal    Created                   pod/calico-ipip-fkblz                           Created container nettoolbox
default              56s         Normal    Started                   pod/calico-ipip-fkblz                           Started container nettoolbox
default              95s         Normal    Starting                  node/calico-ipip-worker                         Starting kubelet.
default              94s         Normal    NodeHasSufficientMemory   node/calico-ipip-worker                         Node calico-ipip-worker status is now: NodeHasSufficientMemory
default              94s         Normal    NodeHasNoDiskPressure     node/calico-ipip-worker                         Node calico-ipip-worker status is now: NodeHasNoDiskPressure
default              94s         Normal    NodeHasSufficientPID      node/calico-ipip-worker                         Node calico-ipip-worker status is now: NodeHasSufficientPID
default              94s         Normal    NodeAllocatableEnforced   node/calico-ipip-worker                         Updated Node Allocatable limit across pods
default              92s         Normal    Starting                  node/calico-ipip-worker                         
default              90s         Normal    RegisteredNode            node/calico-ipip-worker                         Node calico-ipip-worker event: Registered Node calico-ipip-worker in Controller
default              74s         Normal    NodeReady                 node/calico-ipip-worker                         Node calico-ipip-worker status is now: NodeReady
default              58s         Normal    SuccessfulCreate          daemonset/calico-ipip                           Created pod: calico-ipip-d6dc7
default              58s         Normal    SuccessfulCreate          daemonset/calico-ipip                           Created pod: calico-ipip-fkblz
default              58s         Warning   FailedToCreateEndpoint    endpoints/serversvc                             Failed to create endpoint for service default/serversvc: endpoints "serversvc" already exists
kube-system          88s         Warning   FailedScheduling          pod/calico-kube-controllers-859f47b5d9-qzvfj    0/2 nodes are available: 2 node(s) had untolerated taint {node.kubernetes.io/not-ready: }. preemption: 0/2 nodes are available: 2 Preemption is not helpful for scheduling.
kube-system          74s         Normal    Scheduled                 pod/calico-kube-controllers-859f47b5d9-qzvfj    Successfully assigned kube-system/calico-kube-controllers-859f47b5d9-qzvfj to calico-ipip-worker
kube-system          72s         Warning   FailedCreatePodSandBox    pod/calico-kube-controllers-859f47b5d9-qzvfj    Failed to create pod sandbox: rpc error: code = Unknown desc = failed to setup network for sandbox "6502e9c3f4de1888c1abde1578cd2807acab7fd63613af1637ef0fcfcc74939d": plugin type="calico" failed (add): stat /var/lib/calico/nodename: no such file or directory: check that the calico/node container is running and has mounted /var/lib/calico/
kube-system          57s         Normal    SandboxChanged            pod/calico-kube-controllers-859f47b5d9-qzvfj    Pod sandbox changed, it will be killed and re-created.
kube-system          57s         Normal    Pulling                   pod/calico-kube-controllers-859f47b5d9-qzvfj    Pulling image "localhost:5000/calico/kube-controllers:v3.23.2"
kube-system          55s         Normal    Pulled                    pod/calico-kube-controllers-859f47b5d9-qzvfj    Successfully pulled image "localhost:5000/calico/kube-controllers:v3.23.2" in 1.526314584s
kube-system          55s         Normal    Created                   pod/calico-kube-controllers-859f47b5d9-qzvfj    Created container calico-kube-controllers
kube-system          55s         Normal    Started                   pod/calico-kube-controllers-859f47b5d9-qzvfj    Started container calico-kube-controllers
kube-system          88s         Normal    SuccessfulCreate          replicaset/calico-kube-controllers-859f47b5d9   Created pod: calico-kube-controllers-859f47b5d9-qzvfj
kube-system          88s         Normal    ScalingReplicaSet         deployment/calico-kube-controllers              Scaled up replica set calico-kube-controllers-859f47b5d9 to 1
kube-system          88s         Normal    Scheduled                 pod/calico-node-5cgg5                           Successfully assigned kube-system/calico-node-5cgg5 to calico-ipip-worker
kube-system          88s         Normal    Pulling                   pod/calico-node-5cgg5                           Pulling image "localhost:5000/calico/cni:v3.23.2"
kube-system          86s         Normal    Pulled                    pod/calico-node-5cgg5                           Successfully pulled image "localhost:5000/calico/cni:v3.23.2" in 1.572710292s
kube-system          86s         Normal    Created                   pod/calico-node-5cgg5                           Created container upgrade-ipam
kube-system          86s         Normal    Started                   pod/calico-node-5cgg5                           Started container upgrade-ipam
kube-system          82s         Normal    Pulled                    pod/calico-node-5cgg5                           Container image "localhost:5000/calico/cni:v3.23.2" already present on machine
kube-system          82s         Normal    Created                   pod/calico-node-5cgg5                           Created container install-cni
kube-system          82s         Normal    Started                   pod/calico-node-5cgg5                           Started container install-cni
kube-system          73s         Normal    Pulling                   pod/calico-node-5cgg5                           Pulling image "localhost:5000/calico/node:v3.23.2"
kube-system          71s         Normal    Pulled                    pod/calico-node-5cgg5                           Successfully pulled image "localhost:5000/calico/node:v3.23.2" in 2.483154644s
kube-system          71s         Normal    Created                   pod/calico-node-5cgg5                           Created container calico-node
kube-system          71s         Normal    Started                   pod/calico-node-5cgg5                           Started container calico-node
kube-system          70s         Warning   Unhealthy                 pod/calico-node-5cgg5                           Readiness probe failed: calico/node is not ready: BIRD is not ready: Error querying BIRD: unable to connect to BIRDv4 socket: dial unix /var/run/bird/bird.ctl: connect: no such file or directory
kube-system          69s         Warning   Unhealthy                 pod/calico-node-5cgg5                           Readiness probe failed: calico/node is not ready: BIRD is not ready: Error querying BIRD: unable to connect to BIRDv4 socket: dial unix /var/run/calico/bird.ctl: connect: connection refused
kube-system          88s         Normal    Scheduled                 pod/calico-node-hx9sq                           Successfully assigned kube-system/calico-node-hx9sq to calico-ipip-control-plane
kube-system          88s         Normal    Pulling                   pod/calico-node-hx9sq                           Pulling image "localhost:5000/calico/cni:v3.23.2"
kube-system          86s         Normal    Pulled                    pod/calico-node-hx9sq                           Successfully pulled image "localhost:5000/calico/cni:v3.23.2" in 1.498794066s
kube-system          86s         Normal    Created                   pod/calico-node-hx9sq                           Created container upgrade-ipam
kube-system          86s         Normal    Started                   pod/calico-node-hx9sq                           Started container upgrade-ipam
kube-system          82s         Normal    Pulled                    pod/calico-node-hx9sq                           Container image "localhost:5000/calico/cni:v3.23.2" already present on machine
kube-system          82s         Normal    Created                   pod/calico-node-hx9sq                           Created container install-cni
kube-system          82s         Normal    Started                   pod/calico-node-hx9sq                           Started container install-cni
kube-system          73s         Normal    Pulling                   pod/calico-node-hx9sq                           Pulling image "localhost:5000/calico/node:v3.23.2"
kube-system          71s         Normal    Pulled                    pod/calico-node-hx9sq                           Successfully pulled image "localhost:5000/calico/node:v3.23.2" in 2.370445783s
kube-system          71s         Normal    Created                   pod/calico-node-hx9sq                           Created container calico-node
kube-system          71s         Normal    Started                   pod/calico-node-hx9sq                           Started container calico-node
kube-system          70s         Warning   Unhealthy                 pod/calico-node-hx9sq                           Readiness probe failed: calico/node is not ready: BIRD is not ready: Error querying BIRD: unable to connect to BIRDv4 socket: dial unix /var/run/bird/bird.ctl: connect: no such file or directory
kube-system          68s         Warning   Unhealthy                 pod/calico-node-hx9sq                           Readiness probe failed: calico/node is not ready: BIRD is not ready: Error querying BIRD: unable to connect to BIRDv4 socket: dial unix /var/run/calico/bird.ctl: connect: connection refused
kube-system          88s         Normal    SuccessfulCreate          daemonset/calico-node                           Created pod: calico-node-hx9sq
kube-system          88s         Normal    SuccessfulCreate          daemonset/calico-node                           Created pod: calico-node-5cgg5
kube-system          99s         Warning   FailedScheduling          pod/coredns-565d847f94-7pcm9                    0/1 nodes are available: 1 node(s) had untolerated taint {node.kubernetes.io/not-ready: }. preemption: 0/1 nodes are available: 1 Preemption is not helpful for scheduling.
kube-system          74s         Normal    Scheduled                 pod/coredns-565d847f94-7pcm9                    Successfully assigned kube-system/coredns-565d847f94-7pcm9 to calico-ipip-worker
kube-system          73s         Warning   FailedCreatePodSandBox    pod/coredns-565d847f94-7pcm9                    Failed to create pod sandbox: rpc error: code = Unknown desc = failed to setup network for sandbox "fb5efe6b3cc310053e1b5938a2cad89acd4cfe851ae88f1c34b1c80367993b79": plugin type="calico" failed (add): stat /var/lib/calico/nodename: no such file or directory: check that the calico/node container is running and has mounted /var/lib/calico/
kube-system          60s         Normal    SandboxChanged            pod/coredns-565d847f94-7pcm9                    Pod sandbox changed, it will be killed and re-created.
kube-system          60s         Normal    Pulled                    pod/coredns-565d847f94-7pcm9                    Container image "registry.k8s.io/coredns/coredns:v1.9.3" already present on machine
kube-system          60s         Normal    Created                   pod/coredns-565d847f94-7pcm9                    Created container coredns
kube-system          60s         Normal    Started                   pod/coredns-565d847f94-7pcm9                    Started container coredns
kube-system          99s         Warning   FailedScheduling          pod/coredns-565d847f94-zzxn6                    0/1 nodes are available: 1 node(s) had untolerated taint {node.kubernetes.io/not-ready: }. preemption: 0/1 nodes are available: 1 Preemption is not helpful for scheduling.
kube-system          74s         Normal    Scheduled                 pod/coredns-565d847f94-zzxn6                    Successfully assigned kube-system/coredns-565d847f94-zzxn6 to calico-ipip-worker
kube-system          72s         Warning   FailedCreatePodSandBox    pod/coredns-565d847f94-zzxn6                    Failed to create pod sandbox: rpc error: code = Unknown desc = failed to setup network for sandbox "7592358c72494e00c4f3836fb7f3df347b38261c0c564b438d4c0a4b3c34e7bd": plugin type="calico" failed (add): stat /var/lib/calico/nodename: no such file or directory: check that the calico/node container is running and has mounted /var/lib/calico/
kube-system          57s         Normal    SandboxChanged            pod/coredns-565d847f94-zzxn6                    Pod sandbox changed, it will be killed and re-created.
kube-system          57s         Normal    Pulled                    pod/coredns-565d847f94-zzxn6                    Container image "registry.k8s.io/coredns/coredns:v1.9.3" already present on machine
kube-system          57s         Normal    Created                   pod/coredns-565d847f94-zzxn6                    Created container coredns
kube-system          57s         Normal    Started                   pod/coredns-565d847f94-zzxn6                    Started container coredns
kube-system          99s         Normal    SuccessfulCreate          replicaset/coredns-565d847f94                   Created pod: coredns-565d847f94-7pcm9
kube-system          99s         Normal    SuccessfulCreate          replicaset/coredns-565d847f94                   Created pod: coredns-565d847f94-zzxn6
kube-system          99s         Normal    ScalingReplicaSet         deployment/coredns                              Scaled up replica set coredns-565d847f94 to 2
kube-system          113s        Normal    LeaderElection            lease/kube-controller-manager                   calico-ipip-control-plane_2c4f7e66-4840-43a0-a1b9-d6e7ee7c3ead became leader
kube-system          100s        Normal    Scheduled                 pod/kube-proxy-kmrqq                            Successfully assigned kube-system/kube-proxy-kmrqq to calico-ipip-control-plane
kube-system          99s         Normal    Pulled                    pod/kube-proxy-kmrqq                            Container image "registry.k8s.io/kube-proxy:v1.25.3" already present on machine
kube-system          99s         Normal    Created                   pod/kube-proxy-kmrqq                            Created container kube-proxy
kube-system          99s         Normal    Started                   pod/kube-proxy-kmrqq                            Started container kube-proxy
kube-system          94s         Normal    Scheduled                 pod/kube-proxy-mvnvs                            Successfully assigned kube-system/kube-proxy-mvnvs to calico-ipip-worker
kube-system          92s         Normal    Pulled                    pod/kube-proxy-mvnvs                            Container image "registry.k8s.io/kube-proxy:v1.25.3" already present on machine
kube-system          92s         Normal    Created                   pod/kube-proxy-mvnvs                            Created container kube-proxy
kube-system          92s         Normal    Started                   pod/kube-proxy-mvnvs                            Started container kube-proxy
kube-system          100s        Normal    SuccessfulCreate          daemonset/kube-proxy                            Created pod: kube-proxy-kmrqq
kube-system          94s         Normal    SuccessfulCreate          daemonset/kube-proxy                            Created pod: kube-proxy-mvnvs
kube-system          113s        Normal    LeaderElection            lease/kube-scheduler                            calico-ipip-control-plane_377ef452-11fd-40ba-b5dd-ca2c88487e10 became leader
local-path-storage   99s         Warning   FailedScheduling          pod/local-path-provisioner-684f458cdd-znrbk     0/1 nodes are available: 1 node(s) had untolerated taint {node.kubernetes.io/not-ready: }. preemption: 0/1 nodes are available: 1 Preemption is not helpful for scheduling.
local-path-storage   74s         Normal    Scheduled                 pod/local-path-provisioner-684f458cdd-znrbk     Successfully assigned local-path-storage/local-path-provisioner-684f458cdd-znrbk to calico-ipip-worker
local-path-storage   73s         Warning   FailedCreatePodSandBox    pod/local-path-provisioner-684f458cdd-znrbk     Failed to create pod sandbox: rpc error: code = Unknown desc = failed to setup network for sandbox "262e284ac74b37e3416ddcea3660f8c8ee8b273a882a31178d8e0446cbca5b0f": plugin type="calico" failed (add): stat /var/lib/calico/nodename: no such file or directory: check that the calico/node container is running and has mounted /var/lib/calico/
local-path-storage   57s         Normal    SandboxChanged            pod/local-path-provisioner-684f458cdd-znrbk     Pod sandbox changed, it will be killed and re-created.
local-path-storage   57s         Normal    Pulled                    pod/local-path-provisioner-684f458cdd-znrbk     Container image "docker.io/kindest/local-path-provisioner:v0.0.22-kind.0" already present on machine
local-path-storage   56s         Normal    Created                   pod/local-path-provisioner-684f458cdd-znrbk     Created container local-path-provisioner
local-path-storage   56s         Normal    Started                   pod/local-path-provisioner-684f458cdd-znrbk     Started container local-path-provisioner
local-path-storage   99s         Normal    SuccessfulCreate          replicaset/local-path-provisioner-684f458cdd    Created pod: local-path-provisioner-684f458cdd-znrbk
local-path-storage   99s         Normal    ScalingReplicaSet         deployment/local-path-provisioner               Scaled up replica set local-path-provisioner-684f458cdd to 1





root@hive:~/wspace/release_rec/v1.25.3-calico-ipip# kubectl get pods -w
NAME                READY   STATUS        RESTARTS   AGE
calico-ipip-d6dc7   1/1     Terminating   0          72s
calico-ipip-fkblz   1/1     Terminating   0          72s
calico-ipip-d6dc7   1/1     Terminating   0          97s
calico-ipip-fkblz   1/1     Terminating   0          97s
calico-ipip-d6dc7   0/1     Terminating   0          98s
calico-ipip-d6dc7   0/1     Terminating   0          98s
calico-ipip-d6dc7   0/1     Terminating   0          98s
calico-ipip-fkblz   0/1     Terminating   0          98s
calico-ipip-fkblz   0/1     Terminating   0          98s
calico-ipip-fkblz   0/1     Terminating   0          98s
^Croot@hive:~/wspace/release_rec/v1.25.3-calico-ipip# k get pods 
No resources found in default namespace.
root@hive:~/wspace/release_rec/v1.25.3-calico-ipip# ls
1-setup-calico-ipip-env.sh  calico.yaml  cni.yaml  install.log  muti-container.yaml
root@hive:~/wspace/release_rec/v1.25.3-calico-ipip# 


NAMESPACE            NAME                                                READY   STATUS    RESTARTS   AGE     IP            NODE                        NOMINATED NODE   READINESS GATES
kube-system          calico-kube-controllers-859f47b5d9-qzvfj            1/1     Running   0          2m47s   10.244.79.5   calico-ipip-worker          <none>           <none>
kube-system          calico-node-5cgg5                                   1/1     Running   0          2m47s   172.18.0.2    calico-ipip-worker          <none>           <none>
kube-system          calico-node-hx9sq                                   1/1     Running   0          2m47s   172.18.0.3    calico-ipip-control-plane   <none>           <none>
kube-system          coredns-565d847f94-7pcm9                            1/1     Running   0          2m58s   10.244.79.1   calico-ipip-worker          <none>           <none>
kube-system          coredns-565d847f94-zzxn6                            1/1     Running   0          2m58s   10.244.79.4   calico-ipip-worker          <none>           <none>
kube-system          etcd-calico-ipip-control-plane                      1/1     Running   0          3m14s   172.18.0.3    calico-ipip-control-plane   <none>           <none>
kube-system          kube-apiserver-calico-ipip-control-plane            1/1     Running   0          3m15s   172.18.0.3    calico-ipip-control-plane   <none>           <none>
kube-system          kube-controller-manager-calico-ipip-control-plane   1/1     Running   0          3m13s   172.18.0.3    calico-ipip-control-plane   <none>           <none>
kube-system          kube-proxy-kmrqq                                    1/1     Running   0          2m59s   172.18.0.3    calico-ipip-control-plane   <none>           <none>
kube-system          kube-proxy-mvnvs                                    1/1     Running   0          2m53s   172.18.0.2    calico-ipip-worker          <none>           <none>
kube-system          kube-scheduler-calico-ipip-control-plane            1/1     Running   0          3m13s   172.18.0.3    calico-ipip-control-plane   <none>           <none>
local-path-storage   local-path-provisioner-684f458cdd-znrbk             1/1     Running   0          2m58s   10.244.79.3   calico-ipip-worker          <none>           <none>
